android/app/build/outputs/logs/manifest-merger-debug-report.txt
-- Merging decision tree log ---
manifest
ADDED from src\main\AndroidManifest.xml:2:1-103:12
INJECTED from src\main\AndroidManifest.xml:2:1-103:12
INJECTED from src\main\AndroidManifest.xml:2:1-103:12
INJECTED from src\main\AndroidManifest.xml:2:1-103:12
MERGED from [androidx.multidex:multidex:2.0.1] AndroidManifest.xml:17:1-22:12
MERGED from [com.google.mlkit:barcode-scanning:16.0.3] AndroidManifest.xml:2:1-7:12
MERGED from [com.google.mlkit:object-detection:16.2.1] AndroidManifest.xml:2:1-17:12
MERGED from [com.google.mlkit:object-detection-custom:16.2.1] AndroidManifest.xml:2:1-17:12
MERGED from [com.google.mlkit:face-detection:16.0.2] AndroidManifest.xml:2:1-8:12
MERGED from [com.google.android.gms:play-services-mlkit-text-recognition:16.1.1] AndroidManifest.xml:2:1-18:12
MERGED from [com.google.mlkit:image-labeling-automl:16.2.1] AndroidManifest.xml:2:1-17:12
MERGED from [com.google.mlkit:image-labeling:17.0.0] AndroidManifest.xml:2:1-17:12
MERGED from [com.google.mlkit:image-labeling-custom:16.2.1] AndroidManifest.xml:2:1-17:12
MERGED from [com.google.mlkit:pose-detection:17.0.0] AndroidManifest.xml:2:1-9:12
MERGED from [com.google.mlkit:pose-detection-accurate:17.0.0] AndroidManifest.xml:2:1-9:12
MERGED from [androidx.lifecycle:lifecycle-extensions:2.1.0] AndroidManifest.xml:17:1-25:12
MERGED from [androidx.camera:camera-camera2:1.0.0-SNAPSHOT] AndroidManifest.xml:17:1-24:12
MERGED from [androidx.camera:camera-view:1.0.0-SNAPSHOT] AndroidManifest.xml:17:1-24:12
MERGED from [androidx.camera:camera-lifecycle:1.0.0-SNAPSHOT] AndroidManifest.xml:17:1-24:12
MERGED from [androidx.camera:camera-core:1.0.0-SNAPSHOT] AndroidManifest.xml:17:1-24:12
MERGED from [androidx.appcompat:appcompat:1.2.0] AndroidManifest.xml:17:1-24:12
MERGED from [com.google.android.gms:play-services-mlkit-barcode-scanning:16.1.2] AndroidManifest.xml:2:1-18:12
MERGED from [com.google.android.gms:play-services-mlkit-face-detection:16.1.1] AndroidManifest.xml:2:1-18:12
MERGED from [com.google.android.gms:play-services-vision-face-contour-internal:16.0.3] AndroidManifest.xml:2:1-9:12
MERGED from [com.google.android.gms:play-services-vision:20.1.2] AndroidManifest.xml:2:1-9:12
MERGED from [com.google.android.gms:play-services-vision-common:19.1.2] AndroidManifest.xml:2:1-9:12
MERGED from [com.google.mlkit:object-detection-common:16.2.1] AndroidManifest.xml:2:1-7:12
MERGED from [com.google.mlkit:vision-internal-vkp:17.0.1] AndroidManifest.xml:2:1-17:12
MERGED from [com.google.mlkit:image-labeling-default-common:16.0.0] AndroidManifest.xml:2:1-7:12
MERGED from [com.google.mlkit:image-labeling-common:16.2.1] AndroidManifest.xml:2:1-7:12
MERGED from [com.google.mlkit:pose-detection-common:17.0.0] AndroidManifest.xml:2:1-17:12
MERGED from [com.google.mlkit:mediapipe-internal:16.0.0] AndroidManifest.xml:2:1-8:12
MERGED from [com.google.mlkit:vision-common:16.1.0] AndroidManifest.xml:2:1-18:12
MERGED from [com.google.mlkit:common:17.0.0] AndroidManifest.xml:2:1-26:12
MERGED from [com.google.android.gms:play-services-clearcut:17.0.0] AndroidManifest.xml:17:1-24:12
MERGED from [com.google.android.gms:play-services-flags:17.0.0] AndroidManifest.xml:17:1-22:12
MERGED from [com.google.android.gms:play-services-phenotype:17.0.0] AndroidManifest.xml:17:1-24:12
MERGED from [com.google.android.gms:play-services-base:17.0.0] AndroidManifest.xml:17:1-29:12
MERGED from [com.google.android.gms:play-services-tasks:17.0.0] AndroidManifest.xml:2:1-9:12
MERGED from [com.google.android.gms:play-services-basement:17.0.0] AndroidManifest.xml:17:1-28:12
MERGED from [androidx.fragment:fragment:1.1.0] AndroidManifest.xml:17:1-24:12
MERGED from [androidx.loader:loader:1.0.0] AndroidManifest.xml:17:1-22:12
MERGED from [androidx.lifecycle:lifecycle-livedata:2.2.0] AndroidManifest.xml:17:1-24:12
MERGED from [androidx.activity:activity:1.0.0] AndroidManifest.xml:17:1-24:12
MERGED from [androidx.lifecycle:lifecycle-viewmodel:2.2.0] AndroidManifest.xml:17:1-24:12
MERGED from [com.google.firebase:firebase-components:16.0.0] AndroidManifest.xml:15:1-23:12
MERGED from [androidx.lifecycle:lifecycle-livedata-core:2.2.0] AndroidManifest.xml:17:1-24:12
MERGED from [androidx.arch.core:core-runtime:2.1.0] AndroidManifest.xml:17:1-24:12
MERGED from [androidx.appcompat:appcompat-resources:1.2.0] AndroidManifest.xml:17:1-24:12
MERGED from [androidx.drawerlayout:drawerlayout:1.0.0] AndroidManifest.xml:17:1-22:12
MERGED from [androidx.viewpager:viewpager:1.0.0] AndroidManifest.xml:17:1-22:12
MERGED from [androidx.vectordrawable:vectordrawable-animated:1.1.0] AndroidManifest.xml:17:1-24:12
MERGED from [androidx.vectordrawable:vectordrawable:1.1.0] AndroidManifest.xml:17:1-24:12
MERGED from [androidx.customview:customview:1.0.0] AndroidManifest.xml:17:1-22:12
MERGED from [androidx.core:core:1.3.0] AndroidManifest.xml:17:1-26:12
MERGED from [androidx.lifecycle:lifecycle-process:2.1.0] AndroidManifest.xml:17:1-30:12
MERGED from [androidx.lifecycle:lifecycle-service:2.1.0] AndroidManifest.xml:17:1-22:12
MERGED from [androidx.lifecycle:lifecycle-runtime:2.1.0] AndroidManifest.xml:17:1-22:12
MERGED from [androidx.savedstate:savedstate:1.0.0] AndroidManifest.xml:17:1-24:12
MERGED from [androidx.cursoradapter:cursoradapter:1.0.0] AndroidManifest.xml:17:1-22:12
MERGED from [androidx.exifinterface:exifinterface:1.0.0] AndroidManifest.xml:17:1-22:12
MERGED from [androidx.versionedparcelable:versionedparcelable:1.1.0] AndroidManifest.xml:17:1-27:12
MERGED from [androidx.interpolator:interpolator:1.0.0] AndroidManifest.xml:17:1-22:12
MERGED from [androidx.constraintlayout:constraintlayout:1.1.3] AndroidManifest.xml:2:1-11:12
MERGED from [org.tensorflow:tensorflow-lite:2.1.0] AndroidManifest.xml:2:1-10:12
MERGED from [androidx.annotation:annotation-experimental:1.0.0-rc01] AndroidManifest.xml:17:1-24:12
INJECTED from src\main\AndroidManifest.xml:2:1-103:12
INJECTED from src\main\AndroidManifest.xml:2:1-103:12
INJECTED from src\main\AndroidManifest.xml:2:1-103:12
	package
		ADDED from src\main\AndroidManifest.xml:5:5-46
		INJECTED from src\main\AndroidManifest.xml
		INJECTED from src\main\AndroidManifest.xml
	android:versionName
		INJECTED from src\main\AndroidManifest.xml
		ADDED from src\main\AndroidManifest.xml:2:1-103:12
		INJECTED from src\main\AndroidManifest.xml
	xmlns:tools
		ADDED from src\main\AndroidManifest.xml:4:5-51
	android:versionCode
		INJECTED from src\main\AndroidManifest.xml
		ADDED from src\main\AndroidManifest.xml:2:1-103:12
		INJECTED from src\main\AndroidManifest.xml
	xmlns:android
		ADDED from src\main\AndroidManifest.xml:3:5-63
	android:installLocation
		ADDED from src\main\AndroidManifest.xml:6:5-35
uses-sdk
ADDED from src\main\AndroidManifest.xml:13:5-16:63
INJECTED from src\main\AndroidManifest.xml:13:5-16:63
INJECTED from src\main\AndroidManifest.xml:13:5-16:63
MERGED from [androidx.multidex:multidex:2.0.1] AndroidManifest.xml:20:5-43
MERGED from [androidx.multidex:multidex:2.0.1] AndroidManifest.xml:20:5-43
MERGED from [com.google.mlkit:barcode-scanning:16.0.3] AndroidManifest.xml:5:5-44
MERGED from [com.google.mlkit:barcode-scanning:16.0.3] AndroidManifest.xml:5:5-44
MERGED from [com.google.mlkit:object-detection:16.2.1] AndroidManifest.xml:5:5-44
MERGED from [com.google.mlkit:object-detection:16.2.1] AndroidManifest.xml:5:5-44
MERGED from [com.google.mlkit:object-detection-custom:16.2.1] AndroidManifest.xml:5:5-44
MERGED from [com.google.mlkit:object-detection-custom:16.2.1] AndroidManifest.xml:5:5-44
MERGED from [com.google.mlkit:face-detection:16.0.2] AndroidManifest.xml:6:5-44
MERGED from [com.google.mlkit:face-detection:16.0.2] AndroidManifest.xml:6:5-44
MERGED from [com.google.android.gms:play-services-mlkit-text-recognition:16.1.1] AndroidManifest.xml:6:5-44
MERGED from [com.google.android.gms:play-services-mlkit-text-recognition:16.1.1] AndroidManifest.xml:6:5-44
MERGED from [com.google.mlkit:image-labeling-automl:16.2.1] AndroidManifest.xml:5:5-44
MERGED from [com.google.mlkit:image-labeling-automl:16.2.1] AndroidManifest.xml:5:5-44
MERGED from [com.google.mlkit:image-labeling:17.0.0] AndroidManifest.xml:5:5-44
MERGED from [com.google.mlkit:image-labeling:17.0.0] AndroidManifest.xml:5:5-44
MERGED from [com.google.mlkit:image-labeling-custom:16.2.1] AndroidManifest.xml:5:5-44
MERGED from [com.google.mlkit:image-labeling-custom:16.2.1] AndroidManifest.xml:5:5-44
MERGED from [com.google.mlkit:pose-detection:17.0.0] AndroidManifest.xml:5:5-44
MERGED from [com.google.mlkit:pose-detection:17.0.0] AndroidManifest.xml:5:5-44
MERGED from [com.google.mlkit:pose-detection-accurate:17.0.0] AndroidManifest.xml:5:5-44
MERGED from [com.google.mlkit:pose-detection-accurate:17.0.0] AndroidManifest.xml:5:5-44
MERGED from [androidx.lifecycle:lifecycle-extensions:2.1.0] AndroidManifest.xml:20:5-44
MERGED from [androidx.lifecycle:lifecycle-extensions:2.1.0] AndroidManifest.xml:20:5-44
MERGED from [androidx.camera:camera-camera2:1.0.0-SNAPSHOT] AndroidManifest.xml:20:5-22:41
MERGED from [androidx.camera:camera-camera2:1.0.0-SNAPSHOT] AndroidManifest.xml:20:5-22:41
MERGED from [androidx.camera:camera-view:1.0.0-SNAPSHOT] AndroidManifest.xml:20:5-22:41
MERGED from [androidx.camera:camera-view:1.0.0-SNAPSHOT] AndroidManifest.xml:20:5-22:41
MERGED from [androidx.camera:camera-lifecycle:1.0.0-SNAPSHOT] AndroidManifest.xml:20:5-22:41
MERGED from [androidx.camera:camera-lifecycle:1.0.0-SNAPSHOT] AndroidManifest.xml:20:5-22:41
MERGED from [androidx.camera:camera-core:1.0.0-SNAPSHOT] AndroidManifest.xml:20:5-22:41
MERGED from [androidx.camera:camera-core:1.0.0-SNAPSHOT] AndroidManifest.xml:20:5-22:41
MERGED from [androidx.appcompat:appcompat:1.2.0] AndroidManifest.xml:20:5-22:41
MERGED from [androidx.appcompat:appcompat:1.2.0] AndroidManifest.xml:20:5-22:41
MERGED from [com.google.android.gms:play-services-mlkit-barcode-scanning:16.1.2] AndroidManifest.xml:6:5-44
MERGED from [com.google.android.gms:play-services-mlkit-barcode-scanning:16.1.2] AndroidManifest.xml:6:5-44
MERGED from [com.google.android.gms:play-services-mlkit-face-detection:16.1.1] AndroidManifest.xml:6:5-44
MERGED from [com.google.android.gms:play-services-mlkit-face-detection:16.1.1] AndroidManifest.xml:6:5-44
MERGED from [com.google.android.gms:play-services-vision-face-contour-internal:16.0.3] AndroidManifest.xml:5:5-44
MERGED from [com.google.android.gms:play-services-vision-face-contour-internal:16.0.3] AndroidManifest.xml:5:5-44
MERGED from [com.google.android.gms:play-services-vision:20.1.2] AndroidManifest.xml:5:5-44
MERGED from [com.google.android.gms:play-services-vision:20.1.2] AndroidManifest.xml:5:5-44
MERGED from [com.google.android.gms:play-services-vision-common:19.1.2] AndroidManifest.xml:5:5-44
MERGED from [com.google.android.gms:play-services-vision-common:19.1.2] AndroidManifest.xml:5:5-44
MERGED from [com.google.mlkit:object-detection-common:16.2.1] AndroidManifest.xml:5:5-44
MERGED from [com.google.mlkit:object-detection-common:16.2.1] AndroidManifest.xml:5:5-44
MERGED from [com.google.mlkit:vision-internal-vkp:17.0.1] AndroidManifest.xml:5:5-44
MERGED from [com.google.mlkit:vision-internal-vkp:17.0.1] AndroidManifest.xml:5:5-44
MERGED from [com.google.mlkit:image-labeling-default-common:16.0.0] AndroidManifest.xml:5:5-44
MERGED from [com.google.mlkit:image-labeling-default-common:16.0.0] AndroidManifest.xml:5:5-44
MERGED from [com.google.mlkit:image-labeling-common:16.2.1] AndroidManifest.xml:5:5-44
MERGED from [com.google.mlkit:image-labeling-common:16.2.1] AndroidManifest.xml:5:5-44
MERGED from [com.google.mlkit:pose-detection-common:17.0.0] AndroidManifest.xml:5:5-44
MERGED from [com.google.mlkit:pose-detection-common:17.0.0] AndroidManifest.xml:5:5-44
MERGED from [com.google.mlkit:mediapipe-internal:16.0.0] AndroidManifest.xml:6:5-44
MERGED from [com.google.mlkit:mediapipe-internal:16.0.0] AndroidManifest.xml:6:5-44
MERGED from [com.google.mlkit:vision-common:16.1.0] AndroidManifest.xml:6:5-44
MERGED from [com.google.mlkit:vision-common:16.1.0] AndroidManifest.xml:6:5-44
MERGED from [com.google.mlkit:common:17.0.0] AndroidManifest.xml:6:5-44
MERGED from [com.google.mlkit:common:17.0.0] AndroidManifest.xml:6:5-44
MERGED from [com.google.android.gms:play-services-clearcut:17.0.0] AndroidManifest.xml:20:5-44
MERGED from [com.google.android.gms:play-services-clearcut:17.0.0] AndroidManifest.xml:20:5-44
MERGED from [com.google.android.gms:play-services-flags:17.0.0] AndroidManifest.xml:20:5-44
MERGED from [com.google.android.gms:play-services-flags:17.0.0] AndroidManifest.xml:20:5-44
MERGED from [com.google.android.gms:play-services-phenotype:17.0.0] AndroidManifest.xml:20:5-44
MERGED from [com.google.android.gms:play-services-phenotype:17.0.0] AndroidManifest.xml:20:5-44
MERGED from [com.google.android.gms:play-services-base:17.0.0] AndroidManifest.xml:20:5-44
MERGED from [com.google.android.gms:play-services-base:17.0.0] AndroidManifest.xml:20:5-44
MERGED from [com.google.android.gms:play-services-tasks:17.0.0] AndroidManifest.xml:5:5-44
MERGED from [com.google.android.gms:play-services-tasks:17.0.0] AndroidManifest.xml:5:5-44
MERGED from [com.google.android.gms:play-services-basement:17.0.0] AndroidManifest.xml:20:5-44
MERGED from [com.google.android.gms:play-services-basement:17.0.0] AndroidManifest.xml:20:5-44
MERGED from [androidx.fragment:fragment:1.1.0] AndroidManifest.xml:20:5-22:41
MERGED from [androidx.fragment:fragment:1.1.0] AndroidManifest.xml:20:5-22:41
MERGED from [androidx.loader:loader:1.0.0] AndroidManifest.xml:20:5-44
MERGED from [androidx.loader:loader:1.0.0] AndroidManifest.xml:20:5-44
MERGED from [androidx.lifecycle:lifecycle-livedata:2.2.0] AndroidManifest.xml:20:5-22:41
MERGED from [androidx.lifecycle:lifecycle-livedata:2.2.0] AndroidManifest.xml:20:5-22:41
MERGED from [androidx.activity:activity:1.0.0] AndroidManifest.xml:20:5-22:41
MERGED from [androidx.activity:activity:1.0.0] AndroidManifest.xml:20:5-22:41
MERGED from [androidx.lifecycle:lifecycle-viewmodel:2.2.0] AndroidManifest.xml:20:5-22:41
MERGED from [androidx.lifecycle:lifecycle-viewmodel:2.2.0] AndroidManifest.xml:20:5-22:41
MERGED from [com.google.firebase:firebase-components:16.0.0] AndroidManifest.xml:19:5-21:41
MERGED from [com.google.firebase:firebase-components:16.0.0] AndroidManifest.xml:19:5-21:41
MERGED from [androidx.lifecycle:lifecycle-livedata-core:2.2.0] AndroidManifest.xml:20:5-22:41
MERGED from [androidx.lifecycle:lifecycle-livedata-core:2.2.0] AndroidManifest.xml:20:5-22:41
MERGED from [androidx.arch.core:core-runtime:2.1.0] AndroidManifest.xml:20:5-22:41
MERGED from [androidx.arch.core:core-runtime:2.1.0] AndroidManifest.xml:20:5-22:41
MERGED from [androidx.appcompat:appcompat-resources:1.2.0] AndroidManifest.xml:20:5-22:41
MERGED from [androidx.appcompat:appcompat-resources:1.2.0] AndroidManifest.xml:20:5-22:41
MERGED from [androidx.drawerlayout:drawerlayout:1.0.0] AndroidManifest.xml:20:5-44
MERGED from [androidx.drawerlayout:drawerlayout:1.0.0] AndroidManifest.xml:20:5-44
MERGED from [androidx.viewpager:viewpager:1.0.0] AndroidManifest.xml:20:5-44
MERGED from [androidx.viewpager:viewpager:1.0.0] AndroidManifest.xml:20:5-44
MERGED from [androidx.vectordrawable:vectordrawable-animated:1.1.0] AndroidManifest.xml:20:5-22:41
MERGED from [androidx.vectordrawable:vectordrawable-animated:1.1.0] AndroidManifest.xml:20:5-22:41
MERGED from [androidx.vectordrawable:vectordrawable:1.1.0] AndroidManifest.xml:20:5-22:41
MERGED from [androidx.vectordrawable:vectordrawable:1.1.0] AndroidManifest.xml:20:5-22:41
MERGED from [androidx.customview:customview:1.0.0] AndroidManifest.xml:20:5-44
MERGED from [androidx.customview:customview:1.0.0] AndroidManifest.xml:20:5-44
MERGED from [androidx.core:core:1.3.0] AndroidManifest.xml:20:5-22:41
MERGED from [androidx.core:core:1.3.0] AndroidManifest.xml:20:5-22:41
MERGED from [androidx.lifecycle:lifecycle-process:2.1.0] AndroidManifest.xml:20:5-44
MERGED from [androidx.lifecycle:lifecycle-process:2.1.0] AndroidManifest.xml:20:5-44
MERGED from [androidx.lifecycle:lifecycle-service:2.1.0] AndroidManifest.xml:20:5-44
MERGED from [androidx.lifecycle:lifecycle-service:2.1.0] AndroidManifest.xml:20:5-44
MERGED from [androidx.lifecycle:lifecycle-runtime:2.1.0] AndroidManifest.xml:20:5-44
MERGED from [androidx.lifecycle:lifecycle-runtime:2.1.0] AndroidManifest.xml:20:5-44
MERGED from [androidx.savedstate:savedstate:1.0.0] AndroidManifest.xml:20:5-22:41
MERGED from [androidx.savedstate:savedstate:1.0.0] AndroidManifest.xml:20:5-22:41
MERGED from [androidx.cursoradapter:cursoradapter:1.0.0] AndroidManifest.xml:20:5-44
MERGED from [androidx.cursoradapter:cursoradapter:1.0.0] AndroidManifest.xml:20:5-44
MERGED from [androidx.exifinterface:exifinterface:1.0.0] AndroidManifest.xml:20:5-44
MERGED from [androidx.exifinterface:exifinterface:1.0.0] AndroidManifest.xml:20:5-44
MERGED from [androidx.versionedparcelable:versionedparcelable:1.1.0] AndroidManifest.xml:20:5-22:41
MERGED from [androidx.versionedparcelable:versionedparcelable:1.1.0] AndroidManifest.xml:20:5-22:41
MERGED from [androidx.interpolator:interpolator:1.0.0] AndroidManifest.xml:20:5-44
MERGED from [androidx.interpolator:interpolator:1.0.0] AndroidManifest.xml:20:5-44
MERGED from [androidx.constraintlayout:constraintlayout:1.1.3] AndroidManifest.xml:5:5-7:41
MERGED from [androidx.constraintlayout:constraintlayout:1.1.3] AndroidManifest.xml:5:5-7:41
MERGED from [org.tensorflow:tensorflow-lite:2.1.0] AndroidManifest.xml:5:5-6:41
MERGED from [org.tensorflow:tensorflow-lite:2.1.0] AndroidManifest.xml:5:5-6:41
MERGED from [androidx.annotation:annotation-experimental:1.0.0-rc01] AndroidManifest.xml:20:5-22:41
MERGED from [androidx.annotation:annotation-experimental:1.0.0-rc01] AndroidManifest.xml:20:5-22:41
INJECTED from src\main\AndroidManifest.xml:13:5-16:63
INJECTED from src\main\AndroidManifest.xml:13:5-16:63
	tools:overrideLibrary
		ADDED from src\main\AndroidManifest.xml:13:5-16:63
	android:targetSdkVersion
		INJECTED from src\main\AndroidManifest.xml
		ADDED from src\main\AndroidManifest.xml:13:5-16:63
		INJECTED from src\main\AndroidManifest.xml
	android:minSdkVersion
		INJECTED from src\main\AndroidManifest.xml
		ADDED from src\main\AndroidManifest.xml:13:5-16:63
		MERGED from src\main\AndroidManifest.xml:13:5-16:63
		INJECTED from src\main\AndroidManifest.xml
uses-feature#android.hardware.camera
ADDED from src\main\AndroidManifest.xml:18:5-59
	android:name
		ADDED from src\main\AndroidManifest.xml:18:19-57
uses-permission#android.permission.INTERNET
ADDED from src\main\AndroidManifest.xml:20:5-66
	android:name
		ADDED from src\main\AndroidManifest.xml:20:22-64
uses-permission#android.permission.WRITE_EXTERNAL_STORAGE
ADDED from src\main\AndroidManifest.xml:21:5-80
	android:name
		ADDED from src\main\AndroidManifest.xml:21:22-78
uses-permission#android.permission.READ_EXTERNAL_STORAGE
ADDED from src\main\AndroidManifest.xml:22:5-79
	android:name
		ADDED from src\main\AndroidManifest.xml:22:22-77
uses-permission#android.permission.CAMERA
ADDED from src\main\AndroidManifest.xml:23:5-64
	android:name
		ADDED from src\main\AndroidManifest.xml:23:22-62
application
ADDED from src\main\AndroidManifest.xml:25:5-101:19
MERGED from [com.google.mlkit:object-detection:16.2.1] AndroidManifest.xml:7:5-15:19
MERGED from [com.google.mlkit:object-detection:16.2.1] AndroidManifest.xml:7:5-15:19
MERGED from [com.google.mlkit:object-detection-custom:16.2.1] AndroidManifest.xml:7:5-15:19
MERGED from [com.google.mlkit:object-detection-custom:16.2.1] AndroidManifest.xml:7:5-15:19
MERGED from [com.google.android.gms:play-services-mlkit-text-recognition:16.1.1] AndroidManifest.xml:8:5-16:19
MERGED from [com.google.android.gms:play-services-mlkit-text-recognition:16.1.1] AndroidManifest.xml:8:5-16:19
MERGED from [com.google.mlkit:image-labeling-automl:16.2.1] AndroidManifest.xml:7:5-15:19
MERGED from [com.google.mlkit:image-labeling-automl:16.2.1] AndroidManifest.xml:7:5-15:19
MERGED from [com.google.mlkit:image-labeling:17.0.0] AndroidManifest.xml:7:5-15:19
MERGED from [com.google.mlkit:image-labeling:17.0.0] AndroidManifest.xml:7:5-15:19
MERGED from [com.google.mlkit:image-labeling-custom:16.2.1] AndroidManifest.xml:7:5-15:19
MERGED from [com.google.mlkit:image-labeling-custom:16.2.1] AndroidManifest.xml:7:5-15:19
MERGED from [com.google.mlkit:pose-detection:17.0.0] AndroidManifest.xml:7:5-20
MERGED from [com.google.mlkit:pose-detection:17.0.0] AndroidManifest.xml:7:5-20
MERGED from [com.google.mlkit:pose-detection-accurate:17.0.0] AndroidManifest.xml:7:5-20
MERGED from [com.google.mlkit:pose-detection-accurate:17.0.0] AndroidManifest.xml:7:5-20
MERGED from [androidx.lifecycle:lifecycle-extensions:2.1.0] AndroidManifest.xml:22:5-23:19
MERGED from [androidx.lifecycle:lifecycle-extensions:2.1.0] AndroidManifest.xml:22:5-23:19
MERGED from [com.google.android.gms:play-services-mlkit-barcode-scanning:16.1.2] AndroidManifest.xml:8:5-16:19
MERGED from [com.google.android.gms:play-services-mlkit-barcode-scanning:16.1.2] AndroidManifest.xml:8:5-16:19
MERGED from [com.google.android.gms:play-services-mlkit-face-detection:16.1.1] AndroidManifest.xml:8:5-16:19
MERGED from [com.google.android.gms:play-services-mlkit-face-detection:16.1.1] AndroidManifest.xml:8:5-16:19
MERGED from [com.google.android.gms:play-services-vision-face-contour-internal:16.0.3] AndroidManifest.xml:7:5-20
MERGED from [com.google.android.gms:play-services-vision-face-contour-internal:16.0.3] AndroidManifest.xml:7:5-20
MERGED from [com.google.android.gms:play-services-vision:20.1.2] AndroidManifest.xml:7:5-20
MERGED from [com.google.android.gms:play-services-vision:20.1.2] AndroidManifest.xml:7:5-20
MERGED from [com.google.android.gms:play-services-vision-common:19.1.2] AndroidManifest.xml:7:5-20
MERGED from [com.google.android.gms:play-services-vision-common:19.1.2] AndroidManifest.xml:7:5-20
MERGED from [com.google.mlkit:vision-internal-vkp:17.0.1] AndroidManifest.xml:7:5-15:19
MERGED from [com.google.mlkit:vision-internal-vkp:17.0.1] AndroidManifest.xml:7:5-15:19
MERGED from [com.google.mlkit:pose-detection-common:17.0.0] AndroidManifest.xml:7:5-15:19
MERGED from [com.google.mlkit:pose-detection-common:17.0.0] AndroidManifest.xml:7:5-15:19
MERGED from [com.google.mlkit:vision-common:16.1.0] AndroidManifest.xml:8:5-16:19
MERGED from [com.google.mlkit:vision-common:16.1.0] AndroidManifest.xml:8:5-16:19
MERGED from [com.google.mlkit:common:17.0.0] AndroidManifest.xml:8:5-24:19
MERGED from [com.google.mlkit:common:17.0.0] AndroidManifest.xml:8:5-24:19
MERGED from [com.google.android.gms:play-services-clearcut:17.0.0] AndroidManifest.xml:22:5-20
MERGED from [com.google.android.gms:play-services-clearcut:17.0.0] AndroidManifest.xml:22:5-20
MERGED from [com.google.android.gms:play-services-phenotype:17.0.0] AndroidManifest.xml:22:5-20
MERGED from [com.google.android.gms:play-services-phenotype:17.0.0] AndroidManifest.xml:22:5-20
MERGED from [com.google.android.gms:play-services-base:17.0.0] AndroidManifest.xml:22:5-27:19
MERGED from [com.google.android.gms:play-services-base:17.0.0] AndroidManifest.xml:22:5-27:19
MERGED from [com.google.android.gms:play-services-tasks:17.0.0] AndroidManifest.xml:7:5-20
MERGED from [com.google.android.gms:play-services-tasks:17.0.0] AndroidManifest.xml:7:5-20
MERGED from [com.google.android.gms:play-services-basement:17.0.0] AndroidManifest.xml:22:5-26:19
MERGED from [com.google.android.gms:play-services-basement:17.0.0] AndroidManifest.xml:22:5-26:19
MERGED from [androidx.core:core:1.3.0] AndroidManifest.xml:24:5-89
MERGED from [androidx.core:core:1.3.0] AndroidManifest.xml:24:5-89
MERGED from [androidx.lifecycle:lifecycle-process:2.1.0] AndroidManifest.xml:22:5-28:19
MERGED from [androidx.lifecycle:lifecycle-process:2.1.0] AndroidManifest.xml:22:5-28:19
MERGED from [androidx.versionedparcelable:versionedparcelable:1.1.0] AndroidManifest.xml:24:5-25:19
MERGED from [androidx.versionedparcelable:versionedparcelable:1.1.0] AndroidManifest.xml:24:5-25:19
MERGED from [androidx.constraintlayout:constraintlayout:1.1.3] AndroidManifest.xml:9:5-20
MERGED from [androidx.constraintlayout:constraintlayout:1.1.3] AndroidManifest.xml:9:5-20
MERGED from [org.tensorflow:tensorflow-lite:2.1.0] AndroidManifest.xml:8:5-20
MERGED from [org.tensorflow:tensorflow-lite:2.1.0] AndroidManifest.xml:8:5-20
	android:appComponentFactory
		ADDED from [androidx.core:core:1.3.0] AndroidManifest.xml:24:18-86
	android:label
		ADDED from src\main\AndroidManifest.xml:28:9-41
	android:icon
		ADDED from src\main\AndroidManifest.xml:27:9-42
	android:theme
		ADDED from src\main\AndroidManifest.xml:29:9-47
	android:name
		ADDED from src\main\AndroidManifest.xml:26:9-61
meta-data#com.google.android.gms.version
ADDED from src\main\AndroidManifest.xml:31:9-33:68
MERGED from [com.google.android.gms:play-services-basement:17.0.0] AndroidManifest.xml:23:9-25:69
MERGED from [com.google.android.gms:play-services-basement:17.0.0] AndroidManifest.xml:23:9-25:69
	android:value
		ADDED from src\main\AndroidManifest.xml:33:13-66
	android:name
		ADDED from src\main\AndroidManifest.xml:32:13-58
meta-data#com.google.mlkit.vision.DEPENDENCIES
ADDED from src\main\AndroidManifest.xml:37:9-39:51
	android:value
		ADDED from src\main\AndroidManifest.xml:39:13-49
	android:name
		ADDED from src\main\AndroidManifest.xml:38:13-64
activity#com.bioenable.mlkit.vision.demo.EntryChoiceActivity
ADDED from src\main\AndroidManifest.xml:41:9-49:20
	android:exported
		ADDED from src\main\AndroidManifest.xml:43:13-36
	android:theme
		ADDED from src\main\AndroidManifest.xml:44:13-44
	android:name
		ADDED from src\main\AndroidManifest.xml:42:13-48
intent-filter#action:name:android.intent.action.MAIN+category:name:android.intent.category.LAUNCHER
ADDED from src\main\AndroidManifest.xml:45:13-48:29
action#android.intent.action.MAIN
ADDED from src\main\AndroidManifest.xml:46:17-68
	android:name
		ADDED from src\main\AndroidManifest.xml:46:25-66
category#android.intent.category.LAUNCHER
ADDED from src\main\AndroidManifest.xml:47:17-76
	android:name
		ADDED from src\main\AndroidManifest.xml:47:27-74
activity#com.bioenable.mlkit.vision.demo.java.ChooserActivity
ADDED from src\main\AndroidManifest.xml:51:9-54:20
	android:exported
		ADDED from src\main\AndroidManifest.xml:53:13-36
	android:name
		ADDED from src\main\AndroidManifest.xml:52:13-49
activity#com.bioenable.mlkit.vision.demo.java.LivePreviewActivity
ADDED from src\main\AndroidManifest.xml:56:9-60:20
	android:exported
		ADDED from src\main\AndroidManifest.xml:58:13-36
	android:theme
		ADDED from src\main\AndroidManifest.xml:59:13-44
	android:name
		ADDED from src\main\AndroidManifest.xml:57:13-53
activity#com.bioenable.mlkit.vision.demo.java.CameraXLivePreviewActivity
ADDED from src\main\AndroidManifest.xml:62:9-66:20
	android:exported
		ADDED from src\main\AndroidManifest.xml:64:13-36
	android:theme
		ADDED from src\main\AndroidManifest.xml:65:13-44
	android:name
		ADDED from src\main\AndroidManifest.xml:63:13-60
activity#com.bioenable.mlkit.vision.demo.java.StillImageActivity
ADDED from src\main\AndroidManifest.xml:68:9-72:20
	android:exported
		ADDED from src\main\AndroidManifest.xml:70:13-36
	android:theme
		ADDED from src\main\AndroidManifest.xml:71:13-44
	android:name
		ADDED from src\main\AndroidManifest.xml:69:13-52
activity#com.bioenable.mlkit.vision.demo.kotlin.ChooserActivity
ADDED from src\main\AndroidManifest.xml:74:9-77:20
	android:exported
		ADDED from src\main\AndroidManifest.xml:76:13-36
	android:name
		ADDED from src\main\AndroidManifest.xml:75:13-51
activity#com.bioenable.mlkit.vision.demo.kotlin.LivePreviewActivity
ADDED from src\main\AndroidManifest.xml:79:9-83:20
	android:exported
		ADDED from src\main\AndroidManifest.xml:81:13-36
	android:theme
		ADDED from src\main\AndroidManifest.xml:82:13-44
	android:name
		ADDED from src\main\AndroidManifest.xml:80:13-55
activity#com.bioenable.mlkit.vision.demo.kotlin.CameraXLivePreviewActivity
ADDED from src\main\AndroidManifest.xml:85:9-89:20
	android:exported
		ADDED from src\main\AndroidManifest.xml:87:13-36
	android:theme
		ADDED from src\main\AndroidManifest.xml:88:13-44
	android:name
		ADDED from src\main\AndroidManifest.xml:86:13-62
activity#com.bioenable.mlkit.vision.demo.kotlin.StillImageActivity
ADDED from src\main\AndroidManifest.xml:91:9-95:20
	android:exported
		ADDED from src\main\AndroidManifest.xml:93:13-36
	android:theme
		ADDED from src\main\AndroidManifest.xml:94:13-44
	android:name
		ADDED from src\main\AndroidManifest.xml:92:13-54
activity#com.bioenable.mlkit.vision.demo.preference.SettingsActivity
ADDED from src\main\AndroidManifest.xml:97:9-99:39
	android:exported
		ADDED from src\main\AndroidManifest.xml:99:13-37
	android:name
		ADDED from src\main\AndroidManifest.xml:98:13-56
service#com.google.mlkit.common.internal.MlKitComponentDiscoveryService
ADDED from [com.google.mlkit:object-detection:16.2.1] AndroidManifest.xml:8:9-14:19
MERGED from [com.google.mlkit:object-detection-custom:16.2.1] AndroidManifest.xml:8:9-14:19
MERGED from [com.google.mlkit:object-detection-custom:16.2.1] AndroidManifest.xml:8:9-14:19
MERGED from [com.google.android.gms:play-services-mlkit-text-recognition:16.1.1] AndroidManifest.xml:9:9-15:19
MERGED from [com.google.android.gms:play-services-mlkit-text-recognition:16.1.1] AndroidManifest.xml:9:9-15:19
MERGED from [com.google.mlkit:image-labeling-automl:16.2.1] AndroidManifest.xml:8:9-14:19
MERGED from [com.google.mlkit:image-labeling-automl:16.2.1] AndroidManifest.xml:8:9-14:19
MERGED from [com.google.mlkit:image-labeling:17.0.0] AndroidManifest.xml:8:9-14:19
MERGED from [com.google.mlkit:image-labeling:17.0.0] AndroidManifest.xml:8:9-14:19
MERGED from [com.google.mlkit:image-labeling-custom:16.2.1] AndroidManifest.xml:8:9-14:19
MERGED from [com.google.mlkit:image-labeling-custom:16.2.1] AndroidManifest.xml:8:9-14:19
MERGED from [com.google.android.gms:play-services-mlkit-barcode-scanning:16.1.2] AndroidManifest.xml:9:9-15:19